C:\USERS\USER\DOCUMENTS\VISUAL STUDIO 2012\PROJECTS\HWSALAH\HWSALAH\DEBUG\SOURCE.OBJ
C:\USERS\USER\DOCUMENTS\VISUAL STUDIO 2012\PROJECTS\HWSALAH\HWSALAH\DEBUG\VC110.PDB
C:\USERS\USER\DOCUMENTS\VISUAL STUDIO 2012\PROJECTS\HWSALAH\DEBUG\HWSALAH.ILK
C:\USERS\USER\DOCUMENTS\VISUAL STUDIO 2012\PROJECTS\HWSALAH\DEBUG\HWSALAH.EXE
C:\USERS\USER\DOCUMENTS\VISUAL STUDIO 2012\PROJECTS\HWSALAH\DEBUG\HWSALAH.PDB
c:\Users\user\documents\visual studio 2012\Projects\hwsalah\hwsalah\Debug\Source.obj
c:\Users\user\documents\visual studio 2012\Projects\hwsalah\hwsalah\Debug\cl.command.1.tlog
c:\Users\user\documents\visual studio 2012\Projects\hwsalah\hwsalah\Debug\CL.read.1.tlog
c:\Users\user\documents\visual studio 2012\Projects\hwsalah\hwsalah\Debug\CL.write.1.tlog
c:\Users\user\documents\visual studio 2012\Projects\hwsalah\hwsalah\Debug\link-cvtres.read.1.tlog
c:\Users\user\documents\visual studio 2012\Projects\hwsalah\hwsalah\Debug\link-cvtres.write.1.tlog
c:\Users\user\documents\visual studio 2012\Projects\hwsalah\hwsalah\Debug\link-rc.read.1.tlog
c:\Users\user\documents\visual studio 2012\Projects\hwsalah\hwsalah\Debug\link-rc.write.1.tlog
c:\Users\user\documents\visual studio 2012\Projects\hwsalah\hwsalah\Debug\link.command.1.tlog
c:\Users\user\documents\visual studio 2012\Projects\hwsalah\hwsalah\Debug\link.read.1.tlog
c:\Users\user\documents\visual studio 2012\Projects\hwsalah\hwsalah\Debug\link.write.1.tlog
c:\Users\user\documents\visual studio 2012\Projects\hwsalah\hwsalah\Debug\vc110.idb
c:\Users\user\documents\visual studio 2012\Projects\hwsalah\hwsalah\Debug\vc110.pdb
c:\users\user\documents\visual studio 2012\Projects\hwsalah\Debug\hwsalah.pdb
c:\users\user\documents\visual studio 2012\Projects\hwsalah\Debug\hwsalah.exe
c:\users\user\documents\visual studio 2012\Projects\hwsalah\Debug\hwsalah.ilk
